C51 COMPILER V9.52.0.0   MAIN                                                              12/27/2016 11:51:52 PAGE 1   


C51 COMPILER V9.52.0.0, COMPILATION OF MODULE MAIN
OBJECT MODULE PLACED IN main.OBJ
COMPILER INVOKED BY: C:\Keil\C51\BIN\C51.EXE main.c ROM(COMPACT) OPTIMIZE(SIZE) BROWSE DEBUG OBJECTEXTEND TABS(2)

line level    source

   1          
   2          #include <STC15F2K60S2.H>
   3          #include "mydefine.h"
   4          #include <intrins.h>
   5          #include "string.h"
   6          
   7          const unsigned char *ATCWMODE3="AT+CWMODE=3\r\n";   
   8          const unsigned char *ATCIPMUX0="AT+CIPMUX=0\r\n";   
   9          const unsigned char *ATCIPMODE1="AT+CIPMODE=0\r\n";   
  10          const unsigned char *ATCIPSTART="AT+CIPSTART=\"TCP\",\"23.106.128.180\",7270\r\n";  
  11          const unsigned char *ATCWSTARTSMART="AT+CWSTARTSMART\r\n";
  12          const unsigned char *ATCWSTOPSMART="AT+CWSTOPSMART\r\n";
  13          const unsigned char *ATCIPSEND32="AT+CIPSEND=32\r\n"; 
  14          const unsigned char *ATCIPSEND14="AT+CIPSEND=14\r\n"; 
  15          const unsigned char *ATCIPSEND7="AT+CIPSEND=7\r\n"; 
  16          const unsigned char *ATCIPSEND5="AT+CIPSEND=5\r\n"; 
  17          const unsigned char *ATCIPCLOSE="AT+CIPCLOSE\r\n";
  18          //const unsigned char *ATCIPLOGIN="1\r\ndy1\r\n123321"; 
  19          //const unsigned char *SENDTODY2="3\r\ndy2\r\n";  
  20          
  21          
  22          idata unsigned char RxBuf[MAX_BUF];
  23          idata unsigned char TempString[MAX_BUF];
  24          
  25          //unsigned char TxBuf[];
  26          
  27          
  28          unsigned char delay_power_off;
  29          unsigned char TxCounter;
  30          unsigned char TxLength;
  31          unsigned char RxCounter;
  32          
  33          
  34          void init_sys(); 
  35          void init_port();
  36          
  37          void init_timer0();
  38          
  39          void Uart115200P30();
  40          void Uart2400P36();
  41          void Uart9600P36();
  42          bit init_bt();
  43          void init_tcp();
  44          
  45          void power_on();
  46          void power_off();
  47          void delay_01ms(unsigned char);
  48          void delay_ms(unsigned char);
  49          void delay_s(unsigned char);
  50          void send(unsigned int );
  51          
  52          unsigned char  RxStatus;
  53          bit TxStatus;
  54          bit mBus_receive;
  55          bit IR;
C51 COMPILER V9.52.0.0   MAIN                                                              12/27/2016 11:51:52 PAGE 2   

  56          bit f_1000s;
  57          bit power;
  58          
  59          unsigned char time_led2;
  60          unsigned char time_led1;
  61          unsigned char time_delay_s;
  62          unsigned char time_delay_10ms;
  63          unsigned char time_delay_ms;
  64          unsigned char time_delay_01ms;
  65          unsigned char byte_time_out;
  66          unsigned char receive_step;
  67          unsigned int speed;
  68          
  69          void main()
  70          {
  71   1      //  unsigned char i;
  72   1        init_sys(); 
  73   1        init_port();
  74   1        
  75   1        init_timer0();
  76   1        time_delay_ms=254;
  77   1        time_led1=253;
  78   1        time_led2=250;
  79   1        while(time_delay_ms){};
  80   1        
  81   1        power_off();
  82   1          power=1;
  83   1          speed=50;
  84   1          //-----power off--.....
  85   1        delay_power_off=TIME_OUT;
  86   1        time_led1=250;
  87   1        Uart115200P30();
  88   1        init_tcp(); 
  89   1        
  90   1        //Uart9600P36();
  91   1        mBus_receive=1;
  92   1        while(1)
  93   1        {
  94   2        
  95   2          Uart2400P36();
  96   2          mBus_receive=1;
  97   2          
  98   2          while(!RxStatus){};
  99   2          mBus_receive=0;
 100   2          EA=0;
 101   2          speed=((int)RxBuf[6]<<8)|RxBuf[7];
 102   2          EA=1;
 103   2          time_led2=200;
 104   2          Uart115200P30();
 105   2        
 106   2          memcpy(TempString,RxBuf,7);
 107   2            
 108   2            
 109   2          strcpy(RxBuf,ATCIPSTART);
 110   2          send(strlen(RxBuf));
 111   2          
 112   2          delay_ms(200);
 113   2          delay_ms(200);
 114   2          delay_ms(200);
 115   2          
 116   2          delay_ms(200);
 117   2          delay_ms(200);
C51 COMPILER V9.52.0.0   MAIN                                                              12/27/2016 11:51:52 PAGE 3   

 118   2          delay_ms(200);
 119   2          
 120   2          strcpy(RxBuf,ATCIPSEND14);
 121   2          send(strlen(RxBuf));
 122   2          
 123   2          strcpy(RxBuf,"SHARP\r\n");
 124   2          send(strlen(RxBuf));
 125   2          
 126   2        //  strcpy(RxBuf,ATCIPSEND7);
 127   2        //  send(strlen(RxBuf));
 128   2          memcpy(RxBuf,TempString,7);
 129   2          send(7);  
 130   2                
 131   2          delay_ms(200);
 132   2          delay_ms(200);
 133   2          delay_ms(200);
 134   2          
 135   2          delay_ms(200);
 136   2          delay_ms(200);
 137   2          delay_ms(200);
 138   2          
 139   2          strcpy(RxBuf,ATCIPCLOSE);
 140   2          send(strlen(RxBuf));
 141   2          
 142   2          RxStatus=0;
 143   2          delay_s(5);
 144   2            
 145   2        }
 146   1      }
 147          void init_sys()
 148          {
 149   1        CLK_DIV=0;
 150   1        RxStatus=0;
 151   1        TxStatus=0;
 152   1        delay_power_off=0;
 153   1        time_delay_s=0;
 154   1        time_delay_10ms=0;
 155   1        time_delay_ms=0;
 156   1        time_led1=0;
 157   1        time_led2=0;
 158   1        receive_step=0;
 159   1        
 160   1      }
 161          void init_port()
 162          {
 163   1        
 164   1        P1M1=0x04;
 165   1        P1M0=0x00;
 166   1      
 167   1        P3M1=0x00;
 168   1        P3M0=0x80;
 169   1      
 170   1        P1=0xff;
 171   1        
 172   1        P3=0xff;  
 173   1        P37=0;
 174   1        
 175   1      
 176   1      }
 177          void init_tcp()
 178          {
 179   1      
C51 COMPILER V9.52.0.0   MAIN                                                              12/27/2016 11:51:52 PAGE 4   

 180   1        unsigned char i;
 181   1      //  unsigned char TempBuf[15];
 182   1        //if(!BT_CONECT){mBus_receive=1;return 1;}//is ok.
 183   1      
 184   1        Uart115200P30();
 185   1        mBus_receive=0;
 186   1        delay_s(10);
 187   1        time_led2=200;
 188   1      
 189   1        strcpy(RxBuf,ATCWSTARTSMART);
 190   1        send(strlen(RxBuf));
 191   1        
 192   1        for(i=0;i<120;i++)
 193   1        { 
 194   2          time_led1=200;
 195   2          delay_s(1);
 196   2        }
 197   1        strcpy(RxBuf,ATCWSTOPSMART);
 198   1        send(strlen(RxBuf));
 199   1        strcpy(RxBuf,"AT+RST\r\n");
 200   1        send(strlen(RxBuf));
 201   1        delay_s(3);
 202   1          
 203   1        strcpy(RxBuf,ATCIPMUX0);
 204   1        send(strlen(RxBuf));
 205   1          
 206   1        strcpy(RxBuf,ATCIPMODE1);
 207   1        send(strlen(RxBuf));
 208   1      
 209   1        
 210   1        RxCounter=0;
 211   1          
 212   1      }
 213          
 214          
 215          void init_timer0()
 216          {
 217   1      
 218   1        TMOD&=0xf0;
 219   1        AUXR&=0x7f;
 220   1      
 221   1        TL0=T01MS;
 222   1        TH0=T01MS>>8;
 223   1      
 224   1      
 225   1        TR0=1;
 226   1        ET0=1;
 227   1        EA=1;
 228   1      
 229   1      
 230   1      }
 231          
 232          
 233          void Uart115200P30(void)
 234          {
 235   1        SCON = 0x50;    //8???,?????
 236   1        AUXR |= 0x01;   //??1?????2???????
 237   1        AUXR |= 0x04;   //???2???Fosc,?1T
 238   1        SM2=0;
 239   1        T2L = 0xD0;   //??????
 240   1        T2H = 0xFF;   //??????
 241   1        AUXR |= 0x10;   //?????2
C51 COMPILER V9.52.0.0   MAIN                                                              12/27/2016 11:51:52 PAGE 5   

 242   1        
 243   1        S_P30;
 244   1        
 245   1        REN=1;
 246   1        ES=1;
 247   1        
 248   1        P55=1;
 249   1      
 250   1      }
 251          void Uart9600P36(void)
 252          {
 253   1        SCON = 0x50;    //8???,?????
 254   1        AUXR |= 0x01;   //??1?????2???????
 255   1        AUXR |= 0x04;   //???2???Fosc,?1T
 256   1        SM2=0;
 257   1        T2L = 0xC0;   //??????
 258   1        T2H = 0xFD;   //??????
 259   1        AUXR |= 0x10;   //?????2
 260   1        
 261   1        S_P36;
 262   1        
 263   1        REN=1;
 264   1        ES=1;
 265   1        
 266   1      
 267   1        P55=1;
 268   1      
 269   1      }
 270          void Uart2400P36(void)
 271          {
 272   1        SCON = 0x50;    //9???,?????
 273   1        AUXR |= 0x01;   //??1?????2???????
 274   1        AUXR |= 0x04;   //???2???Fosc,?1T
 275   1        SM2=0;
 276   1        
 277   1        T2L = 0x00;   //??????
 278   1        T2H = 0xF7;   //??????
 279   1        S_P36;
 280   1      
 281   1        AUXR |= 0x10;   //?????2
 282   1        REN=1;
 283   1        ES=1;
 284   1        IR=1;
 285   1        mBus_receive=1;
 286   1        P55=0;
 287   1        
 288   1      }
 289          
 290          
 291          
 292          void timer0 (void) interrupt 1  
 293          {  
 294   1        static unsigned char  count_01ms;
 295   1        static unsigned char  count_ms;
 296   1        static unsigned char  count_10ms;
 297   1        static unsigned int   count_s;
 298   1        static unsigned int   count_pwm;
 299   1        //01ms interrupt
 300   1        if(time_delay_01ms)time_delay_01ms--;
 301   1        
 302   1        if(++count_pwm>=MAX_SPEED)
 303   1        {
C51 COMPILER V9.52.0.0   MAIN                                                              12/27/2016 11:51:52 PAGE 6   

 304   2          count_pwm=0;
 305   2          if(power)P37=1;
 306   2          else P37=0;
 307   2        }
 308   1        if(count_pwm>=speed)
 309   1        {
 310   2          if(P32)P37=0;
 311   2        }
 312   1        
 313   1        
 314   1        if(++count_01ms>=10)
 315   1        {
 316   2          
 317   2          count_01ms=0;
 318   2          //1ms
 319   2          if(time_delay_ms)time_delay_ms--;
 320   2          
 321   2          if(time_led1){time_led1--;LED1_ON;}
 322   2          else LED1_OFF;
 323   2          if(time_led2){time_led2--;LED2_ON;}
 324   2          else LED2_OFF;
 325   2          
 326   2          if(byte_time_out)byte_time_out--;
 327   2          else {RxCounter=0;receive_step=0;}
 328   2          
 329   2          //end 1ms
 330   2          if(++count_ms>=10)
 331   2          {
 332   3            count_ms=0;
 333   3            //10ms
 334   3                  
 335   3            if(time_delay_10ms)time_delay_10ms--;
 336   3            //end 10 ms
 337   3          
 338   3            if(++count_10ms>=100)
 339   3            {
 340   4              count_10ms=0;
 341   4              //1s
 342   4              if(delay_power_off)delay_power_off--;
 343   4              if(time_delay_s)time_delay_s--;
 344   4              if(++count_s==1000)f_1000s=1;
 345   4          //    time_led1=10;
 346   4              //end 1s
 347   4              
 348   4            }
 349   3          }
 350   2        }
 351   1        
 352   1      }
 353          
 354          
 355          void power_off()
 356          {
 357   1        Uart9600P36();
 358   1        
 359   1        
 360   1      //  time_led1=199;
 361   1      //  delay_ms(200);
 362   1        
 363   1        PCON|=0x02;
 364   1      
 365   1        _nop_();
C51 COMPILER V9.52.0.0   MAIN                                                              12/27/2016 11:51:52 PAGE 7   

 366   1        _nop_();  
 367   1      }
 368          
 369          void receive(void) interrupt 4
 370          {
 371   1        static unsigned char UartVerify;
 372   1        unsigned char dat;
 373   1        
 374   1        if(RI)
 375   1        {
 376   2          RI=0;
 377   2          byte_time_out=BYTE_TIME_OUT;
 378   2          delay_power_off=TIME_OUT;
 379   2          dat=SBUF;
 380   2          if(RxCounter>=MAX_BUF)RxCounter=0;
 381   2          
 382   2          if(mBus_receive&&(RxStatus==0))
 383   2          {
 384   3            switch (receive_step) {
 385   4                  case 0:
 386   4                      if (dat == 0xaa) {
 387   5                          RxBuf[RxCounter++] = dat;
 388   5                          UartVerify = 0;
 389   5                          receive_step = 1;
 390   5                          //  time_led1=10;
 391   5                      } else RxCounter = 0;
 392   4      
 393   4                      break;
 394   4      
 395   4      
 396   4                  case 1:
 397   4      
 398   4                      RxBuf[RxCounter++] = dat;
 399   4                      if (RxCounter == 6) {
 400   5                          if(UartVerify == dat)  receive_step = 2;
 401   5                          else {
 402   6                              RxCounter = 0;
 403   6                              receive_step = 0;
 404   6                          }  // time_led1=20;
 405   5                      }
 406   4                      UartVerify += dat;
 407   4                      break;
 408   4      
 409   4                  case 2:
 410   4                      RxBuf[RxCounter] = dat;
 411   4                      if (dat == 0xff) {
 412   5                          RxStatus=1;
 413   5                      }
 414   4      
 415   4                          RxCounter = 0;
 416   4                          receive_step = 0;
 417   4      
 418   4                      break;
 419   4      
 420   4      
 421   4                  default:
 422   4                      RxCounter = 0;
 423   4                      receive_step = 0;
 424   4      
 425   4              }
 426   3          }
 427   2          else
C51 COMPILER V9.52.0.0   MAIN                                                              12/27/2016 11:51:52 PAGE 8   

 428   2          {
 429   3            RxBuf[RxCounter++]=dat;
 430   3        
 431   3          }
 432   2        }
 433   1        else if(TI)
 434   1        {
 435   2          TI=0;
 436   2          
 437   2          if(TxCounter<TxLength)
 438   2          {
 439   3            
 440   3            dat=RxBuf[TxCounter];
 441   3            ACC=dat;
 442   3            TB8=P;
 443   3            SBUF=dat;
 444   3            TxCounter++;
 445   3          }
 446   2          else
 447   2          {
 448   3            TxStatus=0;
 449   3          
 450   3            
 451   3          }
 452   2            
 453   2            
 454   2        }
 455   1        
 456   1      }
 457          void send(unsigned int len)
 458          {
 459   1        TxCounter=0;
 460   1        TxLength=len;
 461   1        TxStatus=1;
 462   1        TI=1;
 463   1        while(TxStatus){};
 464   1        delay_ms(200);
 465   1        delay_ms(200);
 466   1      }
 467          
 468          void delay_01ms(unsigned char dt)
 469          {
 470   1        time_delay_01ms=dt;
 471   1        while(time_delay_01ms);
 472   1      }
 473          void delay_ms(unsigned char dt)
 474          {
 475   1        time_delay_ms=dt;
 476   1        while(time_delay_ms);
 477   1      }
 478          void delay_s(unsigned char dt)
 479          {
 480   1        time_delay_s=dt;
 481   1        while(time_delay_s);
 482   1      }


MODULE INFORMATION:   STATIC OVERLAYABLE
   CODE SIZE        =   1088    ----
   CONSTANT SIZE    =    213    ----
   XDATA SIZE       =   ----    ----
   PDATA SIZE       =   ----    ----
C51 COMPILER V9.52.0.0   MAIN                                                              12/27/2016 11:51:52 PAGE 9   

   DATA SIZE        =     56       1
   IDATA SIZE       =    120    ----
   BIT SIZE         =      5    ----
END OF MODULE INFORMATION.


C51 COMPILATION COMPLETE.  0 WARNING(S),  0 ERROR(S)
